<?xml version="1.0" encoding="UTF-8"?>
<!-- Generated by org.testng.reporters.JUnitXMLReporter -->
<testsuite hostname="DESKTOP-T22QK0I" ignored="0" name="Test_Chrome" tests="3" failures="0" timestamp="2020-09-11T11:14:02 IST" time="47.879" errors="0">
  <testcase name="test_today" time="18.661" classname="baseClass.TestRunner"/>
  <testcase name="test_old" time="7.522" classname="baseClass.TestRunner"/>
  <testcase name="test3" time="0.003" classname="baseClass.TestRunner"/>
</testsuite> <!-- Test_Chrome -->
