<?xml version="1.0" encoding="UTF-8"?>
<!-- Generated by org.testng.reporters.JUnitXMLReporter -->
<testsuite hostname="DESKTOP-T22QK0I" ignored="0" name="Test_Chrome" tests="2" failures="0" timestamp="2020-09-19T08:15:10 IST" time="0.458" errors="0">
  <testcase name="@BeforeTest setup" time="0.356" classname="baseClass.TestRunner">
    <failure type="java.lang.NullPointerException">
      <![CDATA[java.lang.NullPointerException
at baseClass.TestRunner.setup(TestRunner.java:30)
... Removed 24 stack frames]]>
    </failure>
  </testcase> <!-- @BeforeTest setup -->
  <testcase name="@AfterMethod repoInputs" time="-1.600483509799E9" classname="baseClass.TestRunner">
    <skipped/>
  </testcase> <!-- @AfterMethod repoInputs -->
  <testcase name="@AfterMethod repoInputs" time="-1.600483509809E9" classname="baseClass.TestRunner">
    <skipped/>
  </testcase> <!-- @AfterMethod repoInputs -->
  <testcase name="test_today" time="0.0" classname="baseClass.TestRunner">
    <skipped/>
  </testcase> <!-- test_today -->
  <testcase name="test_old" time="0.0" classname="baseClass.TestRunner">
    <skipped/>
  </testcase> <!-- test_old -->
</testsuite> <!-- Test_Chrome -->
